0 info it worked if it ends with ok
1 verbose cli [ 'node', '/usr/local/bin/npm', 'start' ]
2 info using npm@3.5.2
3 info using node@v0.10.36
4 verbose run-script [ 'prestart', 'start', 'poststart' ]
5 info lifecycle demo-server@0.0.0-20~prestart: demo-server@0.0.0-20
6 silly lifecycle demo-server@0.0.0-20~prestart: no script for prestart, continuing
7 info lifecycle demo-server@0.0.0-20~start: demo-server@0.0.0-20
8 verbose lifecycle demo-server@0.0.0-20~start: unsafe-perm in lifecycle true
9 verbose lifecycle demo-server@0.0.0-20~start: PATH: /usr/local/lib/node_modules/npm/bin/node-gyp-bin:/Volumes/MACOS/Vagrant/elk/DockerImages/nodejsrestfuldemo/server/node_modules/.bin:/Volumes/MACOS/google-cloud-sdk/bin:/Applications/AMPPS/php/bin/:/opt/local/bin:/opt/local/sbin:/usr/local/Cellar/ruby/1.9.3-p327/bin:/opt/local/bin:/opt/local/sbin:/opt/local/bin:/opt/local/sbin:/usr/local/bin:/Library/Frameworks/Python.framework/Versions/2.7/bin:/usr/bin:/bin:/usr/sbin:/sbin:/usr/local/bin:/opt/X11/bin:/Library/Frameworks/Python.framework/Versions/2.7/bin:/usr/local/bin:/opt/local/bin:/opt/local/sbin:/opt/local/bin:/opt/local/sbin:/usr/local/Cellar/ruby/1.9.3-p327/bin:/opt/local/bin:/opt/local/sbin:/Applications/AMPPS/php/bin/
10 verbose lifecycle demo-server@0.0.0-20~start: CWD: /Volumes/MACOS/Vagrant/elk/DockerImages/nodejsrestfuldemo/server
11 silly lifecycle demo-server@0.0.0-20~start: Args: [ '-c', 'node server.js' ]
12 silly lifecycle demo-server@0.0.0-20~start: Returned: code: 8  signal: null
13 info lifecycle demo-server@0.0.0-20~start: Failed to exec start script
14 verbose stack Error: demo-server@0.0.0-20 start: `node server.js`
14 verbose stack Exit status 8
14 verbose stack     at EventEmitter.<anonymous> (/usr/local/lib/node_modules/npm/lib/utils/lifecycle.js:232:16)
14 verbose stack     at EventEmitter.emit (events.js:98:17)
14 verbose stack     at ChildProcess.<anonymous> (/usr/local/lib/node_modules/npm/lib/utils/spawn.js:24:14)
14 verbose stack     at ChildProcess.emit (events.js:98:17)
14 verbose stack     at maybeClose (child_process.js:766:16)
14 verbose stack     at Process.ChildProcess._handle.onexit (child_process.js:833:5)
15 verbose pkgid demo-server@0.0.0-20
16 verbose cwd /Volumes/MACOS/Vagrant/elk/DockerImages/nodejsrestfuldemo/server
17 error Darwin 13.4.0
18 error argv "node" "/usr/local/bin/npm" "start"
19 error node v0.10.36
20 error npm  v3.5.2
21 error code ELIFECYCLE
22 error demo-server@0.0.0-20 start: `node server.js`
22 error Exit status 8
23 error Failed at the demo-server@0.0.0-20 start script 'node server.js'.
23 error Make sure you have the latest version of node.js and npm installed.
23 error If you do, this is most likely a problem with the demo-server package,
23 error not with npm itself.
23 error Tell the author that this fails on your system:
23 error     node server.js
23 error You can get information on how to open an issue for this project with:
23 error     npm bugs demo-server
23 error Or if that isn't available, you can get their info via:
23 error     npm owner ls demo-server
23 error There is likely additional logging output above.
24 verbose exit [ 1, true ]
